{"contracts/ERC4907.sol":{"l":{"31":1,"35":1,"36":1,"37":1,"38":1,"39":1,"47":1,"48":1,"50":0,"61":1,"68":0},"path":"/Users/samarjeetmohite/Documents/Program/FlexiCar/Backend/contracts/ERC4907.sol","s":{"1":1,"2":1,"3":1,"4":1,"5":1,"6":1,"7":0,"8":1,"9":0},"b":{"1":[1,0],"2":[1,0],"3":[0,0]},"f":{"1":3,"2":1,"3":1,"4":1,"5":0},"fnMap":{"1":{"name":"constructor","line":19,"loc":{"start":{"line":16,"column":4},"end":{"line":19,"column":30}}},"2":{"name":"setUser","line":26,"loc":{"start":{"line":26,"column":4},"end":{"line":40,"column":4}}},"3":{"name":"userOf","line":46,"loc":{"start":{"line":46,"column":4},"end":{"line":52,"column":4}}},"4":{"name":"userExpires","line":58,"loc":{"start":{"line":58,"column":4},"end":{"line":62,"column":4}}},"5":{"name":"supportsInterface","line":65,"loc":{"start":{"line":65,"column":4},"end":{"line":71,"column":4}}}},"statementMap":{"1":{"start":{"line":31,"column":8},"end":{"line":31,"column":960}},"2":{"start":{"line":35,"column":8},"end":{"line":35,"column":33}},"3":{"start":{"line":36,"column":8},"end":{"line":36,"column":47}},"4":{"start":{"line":39,"column":8},"end":{"line":39,"column":47}},"5":{"start":{"line":47,"column":8},"end":{"line":47,"column":1619}},"6":{"start":{"line":48,"column":12},"end":{"line":48,"column":39}},"7":{"start":{"line":50,"column":12},"end":{"line":50,"column":29}},"8":{"start":{"line":61,"column":8},"end":{"line":61,"column":38}},"9":{"start":{"line":68,"column":8},"end":{"line":68,"column":2371}}},"branchMap":{"1":{"line":31,"type":"if","locations":[{"start":{"line":31,"column":8},"end":{"line":31,"column":8}},{"start":{"line":31,"column":8},"end":{"line":31,"column":8}}]},"2":{"line":47,"type":"if","locations":[{"start":{"line":47,"column":8},"end":{"line":47,"column":8}},{"start":{"line":47,"column":8},"end":{"line":47,"column":8}}]},"3":{"line":69,"type":"cond-expr","locations":[{"start":{"line":69,"column":12},"end":{"line":69,"column":52}},{"start":{"line":70,"column":12},"end":{"line":70,"column":47}}]}}},"contracts/Escrow.sol":{"l":{"72":0,"73":0,"74":0,"76":0,"80":0,"81":0,"82":0,"83":0,"85":0,"89":0,"90":0,"91":0,"93":0,"98":0,"99":0,"100":0,"101":0,"103":0,"107":0,"108":0,"117":0,"118":0,"120":0,"121":0,"122":0,"124":0,"131":0,"132":0,"147":0,"148":0,"149":0,"150":0,"151":0,"152":0,"155":0,"156":0,"157":0,"158":0,"159":0,"160":0,"162":0,"169":0,"170":0,"171":0,"173":0,"174":0,"183":0,"184":0,"187":0,"189":0,"190":0,"192":0,"193":0,"194":0,"196":0,"201":0,"202":0,"204":0,"205":0,"206":0,"207":0,"212":0,"214":0,"215":0,"217":0,"219":0,"220":0,"221":0,"223":0,"227":0,"229":0,"230":0,"233":0,"234":0,"237":0,"239":0,"240":0,"241":0,"243":0,"248":0,"249":0,"250":0,"252":0,"253":0,"255":0,"256":0,"257":0,"258":0,"259":0,"260":0,"264":0,"268":0,"270":0,"271":0,"274":0,"275":0,"278":0,"279":0,"281":0,"285":0},"path":"/Users/samarjeetmohite/Documents/Program/FlexiCar/Backend/contracts/Escrow.sol","s":{"1":0,"2":0,"3":0,"4":0,"5":0,"6":0,"7":0,"8":0,"9":0,"10":0,"11":0,"12":0,"13":0,"14":0,"15":0,"16":0,"17":0,"18":0,"19":0,"20":0,"21":0,"22":0,"23":0,"24":0,"25":0,"26":0,"27":0,"28":0,"29":0,"30":0,"31":0,"32":0,"33":0,"34":0,"35":0,"36":0,"37":0,"38":0,"39":0,"40":0,"41":0,"42":0,"43":0,"44":0,"45":0,"46":0,"47":0,"48":0,"49":0,"50":0,"51":0,"52":0,"53":0,"54":0,"55":0,"56":0,"57":0},"b":{"1":[0,0],"2":[0,0],"3":[0,0],"4":[0,0],"5":[0,0],"6":[0,0],"7":[0,0],"8":[0,0],"9":[0,0],"10":[0,0],"11":[0,0],"12":[0,0],"13":[0,0],"14":[0,0],"15":[0,0],"16":[0,0],"17":[0,0],"18":[0,0],"19":[0,0],"20":[0,0],"21":[0,0],"22":[0,0],"23":[0,0],"24":[0,0],"25":[0,0],"26":[0,0],"27":[0,0],"28":[0,0],"29":[0,0],"30":[0,0],"31":[0,0]},"f":{"1":0,"2":0,"3":0,"4":0,"5":0,"6":0,"7":0,"8":0,"9":0,"10":0,"11":0,"12":0,"13":0,"14":0,"15":0,"16":0},"fnMap":{"1":{"name":"notListed","line":71,"loc":{"start":{"line":71,"column":4},"end":{"line":77,"column":4}}},"2":{"name":"isOwner","line":79,"loc":{"start":{"line":79,"column":4},"end":{"line":86,"column":4}}},"3":{"name":"isListed","line":88,"loc":{"start":{"line":88,"column":4},"end":{"line":94,"column":4}}},"4":{"name":"inTimeLimits","line":96,"loc":{"start":{"line":96,"column":4},"end":{"line":104,"column":4}}},"5":{"name":"constructor","line":106,"loc":{"start":{"line":106,"column":4},"end":{"line":109,"column":4}}},"6":{"name":"listCar","line":116,"loc":{"start":{"line":111,"column":4},"end":{"line":139,"column":4}}},"7":{"name":"rentCar","line":144,"loc":{"start":{"line":141,"column":4},"end":{"line":163,"column":4}}},"8":{"name":"cancelListing","line":168,"loc":{"start":{"line":166,"column":4},"end":{"line":175,"column":4}}},"9":{"name":"updateListing","line":182,"loc":{"start":{"line":177,"column":4},"end":{"line":197,"column":4}}},"10":{"name":"withdraw","line":200,"loc":{"start":{"line":200,"column":4},"end":{"line":208,"column":4}}},"11":{"name":"turnInByOwner","line":211,"loc":{"start":{"line":211,"column":4},"end":{"line":224,"column":4}}},"12":{"name":"turnInByBorrower","line":226,"loc":{"start":{"line":226,"column":5},"end":{"line":245,"column":5}}},"13":{"name":"payFee","line":247,"loc":{"start":{"line":247,"column":5},"end":{"line":261,"column":5}}},"14":{"name":"viewBalance","line":263,"loc":{"start":{"line":263,"column":4},"end":{"line":265,"column":4}}},"15":{"name":"getFine","line":267,"loc":{"start":{"line":267,"column":4},"end":{"line":282,"column":4}}},"16":{"name":"getListing","line":284,"loc":{"start":{"line":284,"column":4},"end":{"line":286,"column":4}}}},"statementMap":{"1":{"start":{"line":72,"column":8},"end":{"line":72,"column":52}},"2":{"start":{"line":73,"column":8},"end":{"line":73,"column":2015}},"3":{"start":{"line":80,"column":8},"end":{"line":80,"column":46}},"4":{"start":{"line":81,"column":8},"end":{"line":81,"column":45}},"5":{"start":{"line":82,"column":8},"end":{"line":82,"column":2275}},"6":{"start":{"line":89,"column":8},"end":{"line":89,"column":53}},"7":{"start":{"line":90,"column":8},"end":{"line":90,"column":2468}},"8":{"start":{"line":98,"column":8},"end":{"line":98,"column":53}},"9":{"start":{"line":99,"column":8},"end":{"line":99,"column":65}},"10":{"start":{"line":100,"column":8},"end":{"line":100,"column":2876}},"11":{"start":{"line":117,"column":8},"end":{"line":117,"column":3302}},"12":{"start":{"line":120,"column":8},"end":{"line":120,"column":46}},"13":{"start":{"line":121,"column":8},"end":{"line":121,"column":3430}},"14":{"start":{"line":124,"column":8},"end":{"line":124,"column":3545}},"15":{"start":{"line":132,"column":8},"end":{"line":132,"column":3810}},"16":{"start":{"line":147,"column":8},"end":{"line":147,"column":46}},"17":{"start":{"line":148,"column":8},"end":{"line":148,"column":50}},"18":{"start":{"line":149,"column":8},"end":{"line":149,"column":54}},"19":{"start":{"line":150,"column":8},"end":{"line":150,"column":39}},"20":{"start":{"line":151,"column":8},"end":{"line":151,"column":4421}},"21":{"start":{"line":155,"column":8},"end":{"line":155,"column":54}},"22":{"start":{"line":160,"column":8},"end":{"line":160,"column":58}},"23":{"start":{"line":169,"column":8},"end":{"line":169,"column":53}},"24":{"start":{"line":170,"column":8},"end":{"line":170,"column":5186}},"25":{"start":{"line":174,"column":8},"end":{"line":174,"column":46}},"26":{"start":{"line":183,"column":9},"end":{"line":183,"column":5582}},"27":{"start":{"line":187,"column":8},"end":{"line":187,"column":54}},"28":{"start":{"line":189,"column":9},"end":{"line":189,"column":5729}},"29":{"start":{"line":196,"column":8},"end":{"line":196,"column":81}},"30":{"start":{"line":201,"column":6},"end":{"line":201,"column":6107}},"31":{"start":{"line":204,"column":6},"end":{"line":204,"column":45}},"32":{"start":{"line":206,"column":6},"end":{"line":206,"column":68}},"33":{"start":{"line":207,"column":6},"end":{"line":207,"column":48}},"34":{"start":{"line":212,"column":5},"end":{"line":212,"column":43}},"35":{"start":{"line":214,"column":6},"end":{"line":214,"column":6552}},"36":{"start":{"line":217,"column":6},"end":{"line":217,"column":46}},"37":{"start":{"line":219,"column":5},"end":{"line":219,"column":6688}},"38":{"start":{"line":220,"column":8},"end":{"line":220,"column":91}},"39":{"start":{"line":227,"column":9},"end":{"line":227,"column":47}},"40":{"start":{"line":229,"column":9},"end":{"line":229,"column":7072}},"41":{"start":{"line":233,"column":9},"end":{"line":233,"column":7172}},"42":{"start":{"line":237,"column":9},"end":{"line":237,"column":47}},"43":{"start":{"line":239,"column":9},"end":{"line":239,"column":7325}},"44":{"start":{"line":240,"column":12},"end":{"line":240,"column":92}},"45":{"start":{"line":248,"column":7},"end":{"line":248,"column":53}},"46":{"start":{"line":249,"column":7},"end":{"line":249,"column":45}},"47":{"start":{"line":250,"column":7},"end":{"line":250,"column":47}},"48":{"start":{"line":252,"column":7},"end":{"line":252,"column":7787}},"49":{"start":{"line":260,"column":7},"end":{"line":260,"column":52}},"50":{"start":{"line":264,"column":8},"end":{"line":264,"column":37}},"51":{"start":{"line":268,"column":8},"end":{"line":268,"column":46}},"52":{"start":{"line":270,"column":8},"end":{"line":270,"column":8389}},"53":{"start":{"line":274,"column":8},"end":{"line":274,"column":8532}},"54":{"start":{"line":278,"column":8},"end":{"line":278,"column":8625}},"55":{"start":{"line":279,"column":13},"end":{"line":279,"column":61}},"56":{"start":{"line":281,"column":8},"end":{"line":281,"column":16}},"57":{"start":{"line":285,"column":8},"end":{"line":285,"column":36}}},"branchMap":{"1":{"line":73,"type":"if","locations":[{"start":{"line":73,"column":8},"end":{"line":73,"column":8}},{"start":{"line":73,"column":8},"end":{"line":73,"column":8}}]},"2":{"line":82,"type":"if","locations":[{"start":{"line":82,"column":8},"end":{"line":82,"column":8}},{"start":{"line":82,"column":8},"end":{"line":82,"column":8}}]},"3":{"line":90,"type":"if","locations":[{"start":{"line":90,"column":8},"end":{"line":90,"column":8}},{"start":{"line":90,"column":8},"end":{"line":90,"column":8}}]},"4":{"line":100,"type":"if","locations":[{"start":{"line":100,"column":8},"end":{"line":100,"column":8}},{"start":{"line":100,"column":8},"end":{"line":100,"column":8}}]},"5":{"line":116,"type":"if","locations":[{"start":{"line":116,"column":13},"end":{"line":116,"column":13}},{"start":{"line":116,"column":13},"end":{"line":116,"column":13}}]},"6":{"line":116,"type":"if","locations":[{"start":{"line":116,"column":33},"end":{"line":116,"column":33}},{"start":{"line":116,"column":33},"end":{"line":116,"column":33}}]},"7":{"line":117,"type":"if","locations":[{"start":{"line":117,"column":8},"end":{"line":117,"column":8}},{"start":{"line":117,"column":8},"end":{"line":117,"column":8}}]},"8":{"line":121,"type":"if","locations":[{"start":{"line":121,"column":8},"end":{"line":121,"column":8}},{"start":{"line":121,"column":8},"end":{"line":121,"column":8}}]},"9":{"line":144,"type":"if","locations":[{"start":{"line":144,"column":21},"end":{"line":144,"column":21}},{"start":{"line":144,"column":21},"end":{"line":144,"column":21}}]},"10":{"line":144,"type":"if","locations":[{"start":{"line":144,"column":40},"end":{"line":144,"column":40}},{"start":{"line":144,"column":40},"end":{"line":144,"column":40}}]},"11":{"line":151,"type":"if","locations":[{"start":{"line":151,"column":8},"end":{"line":151,"column":8}},{"start":{"line":151,"column":8},"end":{"line":151,"column":8}}]},"12":{"line":151,"type":"cond-expr","locations":[{"start":{"line":151,"column":12},"end":{"line":151,"column":35}},{"start":{"line":151,"column":40},"end":{"line":151,"column":63}}]},"13":{"line":168,"type":"if","locations":[{"start":{"line":168,"column":13},"end":{"line":168,"column":13}},{"start":{"line":168,"column":13},"end":{"line":168,"column":13}}]},"14":{"line":170,"type":"if","locations":[{"start":{"line":170,"column":8},"end":{"line":170,"column":8}},{"start":{"line":170,"column":8},"end":{"line":170,"column":8}}]},"15":{"line":182,"type":"if","locations":[{"start":{"line":182,"column":13},"end":{"line":182,"column":13}},{"start":{"line":182,"column":13},"end":{"line":182,"column":13}}]},"16":{"line":182,"type":"if","locations":[{"start":{"line":182,"column":32},"end":{"line":182,"column":32}},{"start":{"line":182,"column":32},"end":{"line":182,"column":32}}]},"17":{"line":183,"type":"if","locations":[{"start":{"line":183,"column":9},"end":{"line":183,"column":9}},{"start":{"line":183,"column":9},"end":{"line":183,"column":9}}]},"18":{"line":189,"type":"if","locations":[{"start":{"line":189,"column":9},"end":{"line":189,"column":9}},{"start":{"line":189,"column":9},"end":{"line":189,"column":9}}]},"19":{"line":201,"type":"if","locations":[{"start":{"line":201,"column":6},"end":{"line":201,"column":6}},{"start":{"line":201,"column":6},"end":{"line":201,"column":6}}]},"20":{"line":207,"type":"if","locations":[{"start":{"line":207,"column":6},"end":{"line":207,"column":6}},{"start":{"line":207,"column":6},"end":{"line":207,"column":6}}]},"21":{"line":211,"type":"if","locations":[{"start":{"line":211,"column":52},"end":{"line":211,"column":52}},{"start":{"line":211,"column":52},"end":{"line":211,"column":52}}]},"22":{"line":214,"type":"if","locations":[{"start":{"line":214,"column":6},"end":{"line":214,"column":6}},{"start":{"line":214,"column":6},"end":{"line":214,"column":6}}]},"23":{"line":219,"type":"if","locations":[{"start":{"line":219,"column":5},"end":{"line":219,"column":5}},{"start":{"line":219,"column":5},"end":{"line":219,"column":5}}]},"24":{"line":229,"type":"if","locations":[{"start":{"line":229,"column":9},"end":{"line":229,"column":9}},{"start":{"line":229,"column":9},"end":{"line":229,"column":9}}]},"25":{"line":233,"type":"if","locations":[{"start":{"line":233,"column":9},"end":{"line":233,"column":9}},{"start":{"line":233,"column":9},"end":{"line":233,"column":9}}]},"26":{"line":239,"type":"if","locations":[{"start":{"line":239,"column":9},"end":{"line":239,"column":9}},{"start":{"line":239,"column":9},"end":{"line":239,"column":9}}]},"27":{"line":252,"type":"if","locations":[{"start":{"line":252,"column":7},"end":{"line":252,"column":7}},{"start":{"line":252,"column":7},"end":{"line":252,"column":7}}]},"28":{"line":270,"type":"if","locations":[{"start":{"line":270,"column":8},"end":{"line":270,"column":8}},{"start":{"line":270,"column":8},"end":{"line":270,"column":8}}]},"29":{"line":270,"type":"cond-expr","locations":[{"start":{"line":270,"column":11},"end":{"line":270,"column":48}},{"start":{"line":270,"column":53},"end":{"line":270,"column":92}}]},"30":{"line":274,"type":"if","locations":[{"start":{"line":274,"column":8},"end":{"line":274,"column":8}},{"start":{"line":274,"column":8},"end":{"line":274,"column":8}}]},"31":{"line":278,"type":"if","locations":[{"start":{"line":278,"column":8},"end":{"line":278,"column":8}},{"start":{"line":278,"column":8},"end":{"line":278,"column":8}}]}}},"contracts/interfaces/IERC4907.sol":{"l":{},"path":"/Users/samarjeetmohite/Documents/Program/FlexiCar/Backend/contracts/interfaces/IERC4907.sol","s":{},"b":{},"f":{},"fnMap":{},"statementMap":{},"branchMap":{}},"contracts/RentalCar.sol":{"l":{"17":0,"18":0,"19":0,"20":0,"21":0,"25":0},"path":"/Users/samarjeetmohite/Documents/Program/FlexiCar/Backend/contracts/RentalCar.sol","s":{"1":0,"2":0,"3":0,"4":0,"5":0,"6":0},"b":{},"f":{"1":0,"2":0,"3":0},"fnMap":{"1":{"name":"constructor","line":14,"loc":{"start":{"line":14,"column":2},"end":{"line":14,"column":83}}},"2":{"name":"createNft","line":16,"loc":{"start":{"line":16,"column":2},"end":{"line":22,"column":2}}},"3":{"name":"getTotalSupply","line":24,"loc":{"start":{"line":24,"column":2},"end":{"line":26,"column":2}}}},"statementMap":{"1":{"start":{"line":17,"column":4},"end":{"line":17,"column":24}},"2":{"start":{"line":18,"column":4},"end":{"line":18,"column":43}},"3":{"start":{"line":19,"column":4},"end":{"line":19,"column":35}},"4":{"start":{"line":20,"column":4},"end":{"line":20,"column":37}},"5":{"start":{"line":21,"column":4},"end":{"line":21,"column":58}},"6":{"start":{"line":25,"column":3},"end":{"line":25,"column":29}}},"branchMap":{}}}