{"contracts/ERC4907.sol":{"l":{"31":1,"35":1,"36":1,"37":1,"38":1,"39":1,"47":1,"48":1,"50":0,"61":1,"68":0},"path":"/Users/samarjeetmohite/Documents/Program/FlexiCar/Backend/contracts/ERC4907.sol","s":{"1":1,"2":1,"3":1,"4":1,"5":1,"6":1,"7":0,"8":1,"9":0},"b":{"1":[1,0],"2":[1,0],"3":[0,0]},"f":{"1":3,"2":1,"3":1,"4":1,"5":0},"fnMap":{"1":{"name":"constructor","line":19,"loc":{"start":{"line":16,"column":4},"end":{"line":19,"column":30}}},"2":{"name":"setUser","line":26,"loc":{"start":{"line":26,"column":4},"end":{"line":40,"column":4}}},"3":{"name":"userOf","line":46,"loc":{"start":{"line":46,"column":4},"end":{"line":52,"column":4}}},"4":{"name":"userExpires","line":58,"loc":{"start":{"line":58,"column":4},"end":{"line":62,"column":4}}},"5":{"name":"supportsInterface","line":65,"loc":{"start":{"line":65,"column":4},"end":{"line":71,"column":4}}}},"statementMap":{"1":{"start":{"line":31,"column":8},"end":{"line":31,"column":960}},"2":{"start":{"line":35,"column":8},"end":{"line":35,"column":33}},"3":{"start":{"line":36,"column":8},"end":{"line":36,"column":47}},"4":{"start":{"line":39,"column":8},"end":{"line":39,"column":47}},"5":{"start":{"line":47,"column":8},"end":{"line":47,"column":1619}},"6":{"start":{"line":48,"column":12},"end":{"line":48,"column":39}},"7":{"start":{"line":50,"column":12},"end":{"line":50,"column":29}},"8":{"start":{"line":61,"column":8},"end":{"line":61,"column":38}},"9":{"start":{"line":68,"column":8},"end":{"line":68,"column":2344}}},"branchMap":{"1":{"line":31,"type":"if","locations":[{"start":{"line":31,"column":8},"end":{"line":31,"column":8}},{"start":{"line":31,"column":8},"end":{"line":31,"column":8}}]},"2":{"line":47,"type":"if","locations":[{"start":{"line":47,"column":8},"end":{"line":47,"column":8}},{"start":{"line":47,"column":8},"end":{"line":47,"column":8}}]},"3":{"line":69,"type":"cond-expr","locations":[{"start":{"line":69,"column":12},"end":{"line":69,"column":52}},{"start":{"line":70,"column":12},"end":{"line":70,"column":47}}]}}},"contracts/Escrow.sol":{"l":{},"path":"/Users/samarjeetmohite/Documents/Program/FlexiCar/Backend/contracts/Escrow.sol","s":{},"b":{},"f":{},"fnMap":{},"statementMap":{},"branchMap":{}},"contracts/interfaces/IERC4907.sol":{"l":{},"path":"/Users/samarjeetmohite/Documents/Program/FlexiCar/Backend/contracts/interfaces/IERC4907.sol","s":{},"b":{},"f":{},"fnMap":{},"statementMap":{},"branchMap":{}},"contracts/RentalCar.sol":{"l":{"17":2,"18":2,"19":2,"20":2,"21":2},"path":"/Users/samarjeetmohite/Documents/Program/FlexiCar/Backend/contracts/RentalCar.sol","s":{"1":2,"2":2,"3":2,"4":2,"5":2},"b":{},"f":{"1":3,"2":2},"fnMap":{"1":{"name":"constructor","line":14,"loc":{"start":{"line":14,"column":2},"end":{"line":14,"column":83}}},"2":{"name":"createNft","line":16,"loc":{"start":{"line":16,"column":2},"end":{"line":22,"column":2}}}},"statementMap":{"1":{"start":{"line":17,"column":4},"end":{"line":17,"column":24}},"2":{"start":{"line":18,"column":4},"end":{"line":18,"column":43}},"3":{"start":{"line":19,"column":4},"end":{"line":19,"column":35}},"4":{"start":{"line":20,"column":4},"end":{"line":20,"column":37}},"5":{"start":{"line":21,"column":4},"end":{"line":21,"column":58}}},"branchMap":{}}}