{
"contracts/ERC4907.sol":{"l":{"31":1,"35":1,"36":1,"37":1,"38":1,"39":1,"47":1,"48":1,"50":0,"61":1,"68":0},"path":"/Users/samarjeetmohite/Documents/Program/FlexiCar/Backend/contracts/ERC4907.sol","s":{"1":1,"2":1,"3":1,"4":1,"5":1,"6":1,"7":0,"8":1,"9":0},"b":{"1":[1,0],"2":[1,0],"3":[0,0]},"f":{"1":3,"2":1,"3":1,"4":1,"5":0},"fnMap":{"1":{"name":"constructor","line":19,"loc":{"start":{"line":16,"column":4},"end":{"line":19,"column":30}}},"2":{"name":"setUser","line":26,"loc":{"start":{"line":26,"column":4},"end":{"line":40,"column":4}}},"3":{"name":"userOf","line":46,"loc":{"start":{"line":46,"column":4},"end":{"line":52,"column":4}}},"4":{"name":"userExpires","line":58,"loc":{"start":{"line":58,"column":4},"end":{"line":62,"column":4}}},"5":{"name":"supportsInterface","line":65,"loc":{"start":{"line":65,"column":4},"end":{"line":71,"column":4}}}},"statementMap":{"1":{"start":{"line":31,"column":8},"end":{"line":31,"column":960}},"2":{"start":{"line":35,"column":8},"end":{"line":35,"column":33}},"3":{"start":{"line":36,"column":8},"end":{"line":36,"column":47}},"4":{"start":{"line":39,"column":8},"end":{"line":39,"column":47}},"5":{"start":{"line":47,"column":8},"end":{"line":47,"column":1619}},"6":{"start":{"line":48,"column":12},"end":{"line":48,"column":39}},"7":{"start":{"line":50,"column":12},"end":{"line":50,"column":29}},"8":{"start":{"line":61,"column":8},"end":{"line":61,"column":38}},"9":{"start":{"line":68,"column":8},"end":{"line":68,"column":2371}}},"branchMap":{"1":{"line":31,"type":"if","locations":[{"start":{"line":31,"column":8},"end":{"line":31,"column":8}},{"start":{"line":31,"column":8},"end":{"line":31,"column":8}}]},"2":{"line":47,"type":"if","locations":[{"start":{"line":47,"column":8},"end":{"line":47,"column":8}},{"start":{"line":47,"column":8},"end":{"line":47,"column":8}}]},"3":{"line":69,"type":"cond-expr","locations":[{"start":{"line":69,"column":12},"end":{"line":69,"column":52}},{"start":{"line":70,"column":12},"end":{"line":70,"column":47}}]}}},
"contracts/Escrow.sol":{"l":{"62":0,"63":0,"64":0,"66":0,"70":0,"71":0,"72":0,"73":0,"75":0,"79":0,"80":0,"81":0,"83":0,"88":0,"89":0,"90":0,"91":0,"93":0,"97":0,"106":0,"107":0,"109":0,"110":0,"111":0,"113":0,"120":0,"121":0,"136":0,"137":0,"138":0,"139":0,"140":0,"141":0,"144":0,"145":0,"146":0,"147":0,"149":0,"156":0,"157":0,"158":0,"160":0,"161":0,"170":0,"171":0,"174":0,"176":0,"177":0,"179":0,"180":0,"181":0,"183":0,"188":0,"189":0,"191":0,"192":0,"193":0,"194":0},"path":"/Users/samarjeetmohite/Documents/Program/FlexiCar/Backend/contracts/Escrow.sol","s":{"1":0,"2":0,"3":0,"4":0,"5":0,"6":0,"7":0,"8":0,"9":0,"10":0,"11":0,"12":0,"13":0,"14":0,"15":0,"16":0,"17":0,"18":0,"19":0,"20":0,"21":0,"22":0,"23":0,"24":0,"25":0,"26":0,"27":0,"28":0,"29":0,"30":0,"31":0,"32":0,"33":0},"b":{"1":[0,0],"2":[0,0],"3":[0,0],"4":[0,0],"5":[0,0],"6":[0,0],"7":[0,0],"8":[0,0],"9":[0,0],"10":[0,0],"11":[0,0],"12":[0,0],"13":[0,0],"14":[0,0],"15":[0,0],"16":[0,0],"17":[0,0],"18":[0,0],"19":[0,0],"20":[0,0]},"f":{"1":0,"2":0,"3":0,"4":0,"5":0,"6":0,"7":0,"8":0,"9":0,"10":0},"fnMap":{"1":{"name":"notListed","line":61,"loc":{"start":{"line":61,"column":4},"end":{"line":67,"column":4}}},"2":{"name":"isOwner","line":69,"loc":{"start":{"line":69,"column":4},"end":{"line":76,"column":4}}},"3":{"name":"isListed","line":78,"loc":{"start":{"line":78,"column":4},"end":{"line":84,"column":4}}},"4":{"name":"inTimeLimits","line":86,"loc":{"start":{"line":86,"column":4},"end":{"line":94,"column":4}}},"5":{"name":"constructor","line":96,"loc":{"start":{"line":96,"column":4},"end":{"line":98,"column":4}}},"6":{"name":"listCar","line":105,"loc":{"start":{"line":100,"column":4},"end":{"line":128,"column":4}}},"7":{"name":"rentCar","line":133,"loc":{"start":{"line":130,"column":4},"end":{"line":150,"column":4}}},"8":{"name":"cancelListing","line":155,"loc":{"start":{"line":153,"column":4},"end":{"line":162,"column":4}}},"9":{"name":"updateListing","line":169,"loc":{"start":{"line":164,"column":4},"end":{"line":184,"column":4}}},"10":{"name":"withdraw","line":187,"loc":{"start":{"line":187,"column":4},"end":{"line":195,"column":4}}}},"statementMap":{"1":{"start":{"line":62,"column":8},"end":{"line":62,"column":52}},"2":{"start":{"line":63,"column":8},"end":{"line":63,"column":1564}},"3":{"start":{"line":70,"column":8},"end":{"line":70,"column":46}},"4":{"start":{"line":71,"column":8},"end":{"line":71,"column":45}},"5":{"start":{"line":72,"column":8},"end":{"line":72,"column":1824}},"6":{"start":{"line":79,"column":8},"end":{"line":79,"column":53}},"7":{"start":{"line":80,"column":8},"end":{"line":80,"column":2017}},"8":{"start":{"line":88,"column":8},"end":{"line":88,"column":53}},"9":{"start":{"line":89,"column":8},"end":{"line":89,"column":65}},"10":{"start":{"line":90,"column":8},"end":{"line":90,"column":2425}},"11":{"start":{"line":106,"column":8},"end":{"line":106,"column":2815}},"12":{"start":{"line":109,"column":8},"end":{"line":109,"column":46}},"13":{"start":{"line":110,"column":8},"end":{"line":110,"column":2943}},"14":{"start":{"line":113,"column":8},"end":{"line":113,"column":3058}},"15":{"start":{"line":121,"column":8},"end":{"line":121,"column":3323}},"16":{"start":{"line":136,"column":8},"end":{"line":136,"column":46}},"17":{"start":{"line":137,"column":8},"end":{"line":137,"column":50}},"18":{"start":{"line":138,"column":8},"end":{"line":138,"column":54}},"19":{"start":{"line":139,"column":8},"end":{"line":139,"column":39}},"20":{"start":{"line":140,"column":8},"end":{"line":140,"column":3934}},"21":{"start":{"line":144,"column":8},"end":{"line":144,"column":54}},"22":{"start":{"line":147,"column":8},"end":{"line":147,"column":58}},"23":{"start":{"line":156,"column":8},"end":{"line":156,"column":53}},"24":{"start":{"line":157,"column":8},"end":{"line":157,"column":4607}},"25":{"start":{"line":161,"column":8},"end":{"line":161,"column":46}},"26":{"start":{"line":170,"column":9},"end":{"line":170,"column":5003}},"27":{"start":{"line":174,"column":8},"end":{"line":174,"column":54}},"28":{"start":{"line":176,"column":9},"end":{"line":176,"column":5150}},"29":{"start":{"line":183,"column":8},"end":{"line":183,"column":81}},"30":{"start":{"line":188,"column":6},"end":{"line":188,"column":5528}},"31":{"start":{"line":191,"column":6},"end":{"line":191,"column":45}},"32":{"start":{"line":193,"column":6},"end":{"line":193,"column":68}},"33":{"start":{"line":194,"column":6},"end":{"line":194,"column":48}}},"branchMap":{"1":{"line":63,"type":"if","locations":[{"start":{"line":63,"column":8},"end":{"line":63,"column":8}},{"start":{"line":63,"column":8},"end":{"line":63,"column":8}}]},"2":{"line":72,"type":"if","locations":[{"start":{"line":72,"column":8},"end":{"line":72,"column":8}},{"start":{"line":72,"column":8},"end":{"line":72,"column":8}}]},"3":{"line":80,"type":"if","locations":[{"start":{"line":80,"column":8},"end":{"line":80,"column":8}},{"start":{"line":80,"column":8},"end":{"line":80,"column":8}}]},"4":{"line":90,"type":"if","locations":[{"start":{"line":90,"column":8},"end":{"line":90,"column":8}},{"start":{"line":90,"column":8},"end":{"line":90,"column":8}}]},"5":{"line":105,"type":"if","locations":[{"start":{"line":105,"column":13},"end":{"line":105,"column":13}},{"start":{"line":105,"column":13},"end":{"line":105,"column":13}}]},"6":{"line":105,"type":"if","locations":[{"start":{"line":105,"column":33},"end":{"line":105,"column":33}},{"start":{"line":105,"column":33},"end":{"line":105,"column":33}}]},"7":{"line":106,"type":"if","locations":[{"start":{"line":106,"column":8},"end":{"line":106,"column":8}},{"start":{"line":106,"column":8},"end":{"line":106,"column":8}}]},"8":{"line":110,"type":"if","locations":[{"start":{"line":110,"column":8},"end":{"line":110,"column":8}},{"start":{"line":110,"column":8},"end":{"line":110,"column":8}}]},"9":{"line":133,"type":"if","locations":[{"start":{"line":133,"column":21},"end":{"line":133,"column":21}},{"start":{"line":133,"column":21},"end":{"line":133,"column":21}}]},"10":{"line":133,"type":"if","locations":[{"start":{"line":133,"column":40},"end":{"line":133,"column":40}},{"start":{"line":133,"column":40},"end":{"line":133,"column":40}}]},"11":{"line":140,"type":"if","locations":[{"start":{"line":140,"column":8},"end":{"line":140,"column":8}},{"start":{"line":140,"column":8},"end":{"line":140,"column":8}}]},"12":{"line":140,"type":"cond-expr","locations":[{"start":{"line":140,"column":12},"end":{"line":140,"column":35}},{"start":{"line":140,"column":40},"end":{"line":140,"column":63}}]},"13":{"line":155,"type":"if","locations":[{"start":{"line":155,"column":13},"end":{"line":155,"column":13}},{"start":{"line":155,"column":13},"end":{"line":155,"column":13}}]},"14":{"line":157,"type":"if","locations":[{"start":{"line":157,"column":8},"end":{"line":157,"column":8}},{"start":{"line":157,"column":8},"end":{"line":157,"column":8}}]},"15":{"line":169,"type":"if","locations":[{"start":{"line":169,"column":13},"end":{"line":169,"column":13}},{"start":{"line":169,"column":13},"end":{"line":169,"column":13}}]},"16":{"line":169,"type":"if","locations":[{"start":{"line":169,"column":32},"end":{"line":169,"column":32}},{"start":{"line":169,"column":32},"end":{"line":169,"column":32}}]},"17":{"line":170,"type":"if","locations":[{"start":{"line":170,"column":9},"end":{"line":170,"column":9}},{"start":{"line":170,"column":9},"end":{"line":170,"column":9}}]},"18":{"line":176,"type":"if","locations":[{"start":{"line":176,"column":9},"end":{"line":176,"column":9}},{"start":{"line":176,"column":9},"end":{"line":176,"column":9}}]},"19":{"line":188,"type":"if","locations":[{"start":{"line":188,"column":6},"end":{"line":188,"column":6}},{"start":{"line":188,"column":6},"end":{"line":188,"column":6}}]},"20":{"line":194,"type":"if","locations":[{"start":{"line":194,"column":6},"end":{"line":194,"column":6}},{"start":{"line":194,"column":6},"end":{"line":194,"column":6}}]}}},
"contracts/interfaces/IERC4907.sol":{"l":{},"path":"/Users/samarjeetmohite/Documents/Program/FlexiCar/Backend/contracts/interfaces/IERC4907.sol","s":{},"b":{},"f":{},"fnMap":{},"statementMap":{},"branchMap":{}},
"contracts/nftMarketplace.sol":{"l":{"50":0,"51":0,"52":0,"54":0,"62":0,"63":0,"64":0,"65":0,"67":0,"70":0,"71":0,"72":0,"74":0,"89":0,"90":0,"94":0,"95":0,"96":0,"98":0,"100":0,"109":0,"110":0,"111":0,"118":0,"120":0,"125":0,"133":0,"134":0,"142":0,"143":0,"150":0,"151":0,"152":0,"154":0,"155":0,"156":0,"165":0,"169":0},"path":"/Users/samarjeetmohite/Documents/Program/FlexiCar/Backend/contracts/nftMarketplace.sol","s":{"1":0,"2":0,"3":0,"4":0,"5":0,"6":0,"7":0,"8":0,"9":0,"10":0,"11":0,"12":0,"13":0,"14":0,"15":0,"16":0,"17":0,"18":0,"19":0,"20":0,"21":0,"22":0,"23":0},"b":{"1":[0,0],"2":[0,0],"3":[0,0],"4":[0,0],"5":[0,0],"6":[0,0],"7":[0,0],"8":[0,0],"9":[0,0],"10":[0,0],"11":[0,0],"12":[0,0],"13":[0,0],"14":[0,0],"15":[0,0],"16":[0,0]},"f":{"1":0,"2":0,"3":0,"4":0,"5":0,"6":0,"7":0,"8":0,"9":0,"10":0},"fnMap":{"1":{"name":"notListed","line":45,"loc":{"start":{"line":45,"column":4},"end":{"line":55,"column":4}}},"2":{"name":"isOwner","line":57,"loc":{"start":{"line":57,"column":4},"end":{"line":68,"column":4}}},"3":{"name":"isListed","line":69,"loc":{"start":{"line":69,"column":4},"end":{"line":75,"column":4}}},"4":{"name":"listItem","line":88,"loc":{"start":{"line":84,"column":4},"end":{"line":101,"column":4}}},"5":{"name":"buyItem","line":106,"loc":{"start":{"line":103,"column":4},"end":{"line":126,"column":4}}},"6":{"name":"cancelListing","line":131,"loc":{"start":{"line":128,"column":4},"end":{"line":135,"column":4}}},"7":{"name":"updateListing","line":141,"loc":{"start":{"line":137,"column":4},"end":{"line":144,"column":4}}},"8":{"name":"withdrawProceeds","line":149,"loc":{"start":{"line":149,"column":4},"end":{"line":157,"column":4}}},"9":{"name":"getListing","line":160,"loc":{"start":{"line":160,"column":4},"end":{"line":166,"column":4}}},"10":{"name":"getProceeds","line":168,"loc":{"start":{"line":168,"column":4},"end":{"line":170,"column":4}}}},"statementMap":{"1":{"start":{"line":50,"column":8},"end":{"line":50,"column":64}},"2":{"start":{"line":51,"column":8},"end":{"line":51,"column":1672}},"3":{"start":{"line":62,"column":8},"end":{"line":62,"column":41}},"4":{"start":{"line":63,"column":8},"end":{"line":63,"column":44}},"5":{"start":{"line":64,"column":8},"end":{"line":64,"column":1999}},"6":{"start":{"line":70,"column":8},"end":{"line":70,"column":64}},"7":{"start":{"line":71,"column":8},"end":{"line":71,"column":2231}},"8":{"start":{"line":89,"column":8},"end":{"line":89,"column":2762}},"9":{"start":{"line":94,"column":8},"end":{"line":94,"column":41}},"10":{"start":{"line":95,"column":8},"end":{"line":95,"column":3010}},"11":{"start":{"line":100,"column":8},"end":{"line":100,"column":63}},"12":{"start":{"line":109,"column":8},"end":{"line":109,"column":67}},"13":{"start":{"line":110,"column":8},"end":{"line":110,"column":3576}},"14":{"start":{"line":124,"column":8},"end":{"line":124,"column":83}},"15":{"start":{"line":125,"column":8},"end":{"line":125,"column":74}},"16":{"start":{"line":134,"column":8},"end":{"line":134,"column":58}},"17":{"start":{"line":143,"column":8},"end":{"line":143,"column":66}},"18":{"start":{"line":150,"column":8},"end":{"line":150,"column":49}},"19":{"start":{"line":151,"column":8},"end":{"line":151,"column":5297}},"20":{"start":{"line":155,"column":8},"end":{"line":155,"column":72}},"21":{"start":{"line":156,"column":8},"end":{"line":156,"column":42}},"22":{"start":{"line":165,"column":8},"end":{"line":165,"column":46}},"23":{"start":{"line":169,"column":8},"end":{"line":169,"column":33}}},"branchMap":{"1":{"line":51,"type":"if","locations":[{"start":{"line":51,"column":8},"end":{"line":51,"column":8}},{"start":{"line":51,"column":8},"end":{"line":51,"column":8}}]},"2":{"line":64,"type":"if","locations":[{"start":{"line":64,"column":8},"end":{"line":64,"column":8}},{"start":{"line":64,"column":8},"end":{"line":64,"column":8}}]},"3":{"line":71,"type":"if","locations":[{"start":{"line":71,"column":8},"end":{"line":71,"column":8}},{"start":{"line":71,"column":8},"end":{"line":71,"column":8}}]},"4":{"line":88,"type":"if","locations":[{"start":{"line":88,"column":15},"end":{"line":88,"column":15}},{"start":{"line":88,"column":15},"end":{"line":88,"column":15}}]},"5":{"line":88,"type":"if","locations":[{"start":{"line":88,"column":58},"end":{"line":88,"column":58}},{"start":{"line":88,"column":58},"end":{"line":88,"column":58}}]},"6":{"line":89,"type":"if","locations":[{"start":{"line":89,"column":8},"end":{"line":89,"column":8}},{"start":{"line":89,"column":8},"end":{"line":89,"column":8}}]},"7":{"line":95,"type":"if","locations":[{"start":{"line":95,"column":8},"end":{"line":95,"column":8}},{"start":{"line":95,"column":8},"end":{"line":95,"column":8}}]},"8":{"line":106,"type":"if","locations":[{"start":{"line":106,"column":8},"end":{"line":106,"column":8}},{"start":{"line":106,"column":8},"end":{"line":106,"column":8}}]},"9":{"line":110,"type":"if","locations":[{"start":{"line":110,"column":8},"end":{"line":110,"column":8}},{"start":{"line":110,"column":8},"end":{"line":110,"column":8}}]},"10":{"line":130,"type":"if","locations":[{"start":{"line":130,"column":8},"end":{"line":130,"column":8}},{"start":{"line":130,"column":8},"end":{"line":130,"column":8}}]},"11":{"line":131,"type":"if","locations":[{"start":{"line":131,"column":8},"end":{"line":131,"column":8}},{"start":{"line":131,"column":8},"end":{"line":131,"column":8}}]},"12":{"line":141,"type":"if","locations":[{"start":{"line":141,"column":15},"end":{"line":141,"column":15}},{"start":{"line":141,"column":15},"end":{"line":141,"column":15}}]},"13":{"line":141,"type":"if","locations":[{"start":{"line":141,"column":45},"end":{"line":141,"column":45}},{"start":{"line":141,"column":45},"end":{"line":141,"column":45}}]},"14":{"line":141,"type":"if","locations":[{"start":{"line":141,"column":58},"end":{"line":141,"column":58}},{"start":{"line":141,"column":58},"end":{"line":141,"column":58}}]},"15":{"line":151,"type":"if","locations":[{"start":{"line":151,"column":8},"end":{"line":151,"column":8}},{"start":{"line":151,"column":8},"end":{"line":151,"column":8}}]},"16":{"line":156,"type":"if","locations":[{"start":{"line":156,"column":8},"end":{"line":156,"column":8}},{"start":{"line":156,"column":8},"end":{"line":156,"column":8}}]}}},
"contracts/RentalCar.sol":{"l":{"17":2,"18":2,"19":2,"20":2,"21":2,"25":0},"path":"/Users/samarjeetmohite/Documents/Program/FlexiCar/Backend/contracts/RentalCar.sol","s":{"1":2,"2":2,"3":2,"4":2,"5":2,"6":0},"b":{},"f":{"1":3,"2":2,"3":0},"fnMap":{"1":{"name":"constructor","line":14,"loc":{"start":{"line":14,"column":2},"end":{"line":14,"column":83}}},"2":{"name":"createNft","line":16,"loc":{"start":{"line":16,"column":2},"end":{"line":22,"column":2}}},"3":{"name":"getTotalSupply","line":24,"loc":{"start":{"line":24,"column":2},"end":{"line":26,"column":2}}}},"statementMap":{"1":{"start":{"line":17,"column":4},"end":{"line":17,"column":24}},"2":{"start":{"line":18,"column":4},"end":{"line":18,"column":43}},"3":{"start":{"line":19,"column":4},"end":{"line":19,"column":35}},"4":{"start":{"line":20,"column":4},"end":{"line":20,"column":37}},"5":{"start":{"line":21,"column":4},"end":{"line":21,"column":58}},"6":{"start":{"line":25,"column":3},"end":{"line":25,"column":29}}},"branchMap":{}}}
