TN:
SF:/Users/samarjeetmohite/Documents/Program/FlexiCar/Backend/contracts/ERC4907.sol
FN:19,constructor
FN:26,setUser
FN:46,userOf
FN:58,userExpires
FN:65,supportsInterface
FNF:5
FNH:4
FNDA:3,constructor
FNDA:1,setUser
FNDA:1,userOf
FNDA:1,userExpires
FNDA:0,supportsInterface
DA:31,1
DA:35,1
DA:36,1
DA:37,1
DA:38,1
DA:39,1
DA:47,1
DA:48,1
DA:50,0
DA:61,1
DA:68,0
LF:11
LH:9
BRDA:31,1,0,1
BRDA:31,1,1,0
BRDA:47,2,0,1
BRDA:47,2,1,0
BRDA:69,3,0,0
BRDA:69,3,1,0
BRF:6
BRH:2
end_of_record
TN:
SF:/Users/samarjeetmohite/Documents/Program/FlexiCar/Backend/contracts/Escrow.sol
FN:71,notListed
FN:79,isOwner
FN:88,isListed
FN:96,inTimeLimits
FN:106,constructor
FN:116,listCar
FN:144,rentCar
FN:168,cancelListing
FN:182,updateListing
FN:200,withdraw
FN:211,turnInByOwner
FN:226,turnInByBorrower
FN:247,payFee
FN:263,viewBalance
FN:267,getFine
FN:284,getListing
FNF:16
FNH:0
FNDA:0,notListed
FNDA:0,isOwner
FNDA:0,isListed
FNDA:0,inTimeLimits
FNDA:0,constructor
FNDA:0,listCar
FNDA:0,rentCar
FNDA:0,cancelListing
FNDA:0,updateListing
FNDA:0,withdraw
FNDA:0,turnInByOwner
FNDA:0,turnInByBorrower
FNDA:0,payFee
FNDA:0,viewBalance
FNDA:0,getFine
FNDA:0,getListing
DA:72,0
DA:73,0
DA:74,0
DA:76,0
DA:80,0
DA:81,0
DA:82,0
DA:83,0
DA:85,0
DA:89,0
DA:90,0
DA:91,0
DA:93,0
DA:98,0
DA:99,0
DA:100,0
DA:101,0
DA:103,0
DA:107,0
DA:108,0
DA:117,0
DA:118,0
DA:120,0
DA:121,0
DA:122,0
DA:124,0
DA:131,0
DA:132,0
DA:147,0
DA:148,0
DA:149,0
DA:150,0
DA:151,0
DA:152,0
DA:155,0
DA:156,0
DA:157,0
DA:158,0
DA:159,0
DA:160,0
DA:162,0
DA:169,0
DA:170,0
DA:171,0
DA:173,0
DA:174,0
DA:183,0
DA:184,0
DA:187,0
DA:189,0
DA:190,0
DA:192,0
DA:193,0
DA:194,0
DA:196,0
DA:201,0
DA:202,0
DA:204,0
DA:205,0
DA:206,0
DA:207,0
DA:212,0
DA:214,0
DA:215,0
DA:217,0
DA:219,0
DA:220,0
DA:221,0
DA:223,0
DA:227,0
DA:229,0
DA:230,0
DA:233,0
DA:234,0
DA:237,0
DA:239,0
DA:240,0
DA:241,0
DA:243,0
DA:248,0
DA:249,0
DA:250,0
DA:252,0
DA:253,0
DA:255,0
DA:256,0
DA:257,0
DA:258,0
DA:259,0
DA:260,0
DA:264,0
DA:268,0
DA:270,0
DA:271,0
DA:274,0
DA:275,0
DA:278,0
DA:279,0
DA:281,0
DA:285,0
LF:100
LH:0
BRDA:73,1,0,0
BRDA:73,1,1,0
BRDA:82,2,0,0
BRDA:82,2,1,0
BRDA:90,3,0,0
BRDA:90,3,1,0
BRDA:100,4,0,0
BRDA:100,4,1,0
BRDA:116,5,0,0
BRDA:116,5,1,0
BRDA:116,6,0,0
BRDA:116,6,1,0
BRDA:117,7,0,0
BRDA:117,7,1,0
BRDA:121,8,0,0
BRDA:121,8,1,0
BRDA:144,9,0,0
BRDA:144,9,1,0
BRDA:144,10,0,0
BRDA:144,10,1,0
BRDA:151,11,0,0
BRDA:151,11,1,0
BRDA:151,12,0,0
BRDA:151,12,1,0
BRDA:168,13,0,0
BRDA:168,13,1,0
BRDA:170,14,0,0
BRDA:170,14,1,0
BRDA:182,15,0,0
BRDA:182,15,1,0
BRDA:182,16,0,0
BRDA:182,16,1,0
BRDA:183,17,0,0
BRDA:183,17,1,0
BRDA:189,18,0,0
BRDA:189,18,1,0
BRDA:201,19,0,0
BRDA:201,19,1,0
BRDA:207,20,0,0
BRDA:207,20,1,0
BRDA:211,21,0,0
BRDA:211,21,1,0
BRDA:214,22,0,0
BRDA:214,22,1,0
BRDA:219,23,0,0
BRDA:219,23,1,0
BRDA:229,24,0,0
BRDA:229,24,1,0
BRDA:233,25,0,0
BRDA:233,25,1,0
BRDA:239,26,0,0
BRDA:239,26,1,0
BRDA:252,27,0,0
BRDA:252,27,1,0
BRDA:270,28,0,0
BRDA:270,28,1,0
BRDA:270,29,0,0
BRDA:270,29,1,0
BRDA:274,30,0,0
BRDA:274,30,1,0
BRDA:278,31,0,0
BRDA:278,31,1,0
BRF:62
BRH:0
end_of_record
TN:
SF:/Users/samarjeetmohite/Documents/Program/FlexiCar/Backend/contracts/interfaces/IERC4907.sol
FNF:0
FNH:0
LF:0
LH:0
BRF:0
BRH:0
end_of_record
TN:
SF:/Users/samarjeetmohite/Documents/Program/FlexiCar/Backend/contracts/RentalCar.sol
FN:14,constructor
FN:16,createNft
FN:24,getTotalSupply
FNF:3
FNH:0
FNDA:0,constructor
FNDA:0,createNft
FNDA:0,getTotalSupply
DA:17,0
DA:18,0
DA:19,0
DA:20,0
DA:21,0
DA:25,0
LF:6
LH:0
BRF:0
BRH:0
end_of_record
