TN:
SF:/Users/samarjeetmohite/Documents/Program/FlexiCar/Backend/contracts/ERC4907.sol
FN:19,constructor
FN:26,setUser
FN:46,userOf
FN:58,userExpires
FN:65,supportsInterface
FNF:5
FNH:4
FNDA:3,constructor
FNDA:1,setUser
FNDA:1,userOf
FNDA:1,userExpires
FNDA:0,supportsInterface
DA:31,1
DA:35,1
DA:36,1
DA:37,1
DA:38,1
DA:39,1
DA:47,1
DA:48,1
DA:50,0
DA:61,1
DA:68,0
LF:11
LH:9
BRDA:31,1,0,1
BRDA:31,1,1,0
BRDA:47,2,0,1
BRDA:47,2,1,0
BRDA:69,3,0,0
BRDA:69,3,1,0
BRF:6
BRH:2
end_of_record
TN:
SF:/Users/samarjeetmohite/Documents/Program/FlexiCar/Backend/contracts/Escrow.sol
FNF:0
FNH:0
LF:0
LH:0
BRF:0
BRH:0
end_of_record
TN:
SF:/Users/samarjeetmohite/Documents/Program/FlexiCar/Backend/contracts/interfaces/IERC4907.sol
FNF:0
FNH:0
LF:0
LH:0
BRF:0
BRH:0
end_of_record
TN:
SF:/Users/samarjeetmohite/Documents/Program/FlexiCar/Backend/contracts/RentalCar.sol
FN:14,constructor
FN:16,createNft
FNF:2
FNH:2
FNDA:3,constructor
FNDA:2,createNft
DA:17,2
DA:18,2
DA:19,2
DA:20,2
DA:21,2
LF:5
LH:5
BRF:0
BRH:0
end_of_record
